<?xml version="1.0" encoding="UTF-8"?>
<!-- Generated by org.testng.reporters.JUnitReportReporter -->
<testsuite hostname="DESKTOP-MOUIIJ4" failures="0" tests="4" name="com.ecomerce.test.ParalellTest" time="48.680" errors="0" timestamp="2023-07-20T11:06:05 IST" skipped="0">
  <testcase classname="com.ecomerce.test.ParalellTest" name="facebookAccCreation" time="11.788"/>
  <testcase classname="com.ecomerce.test.ParalellTest" name="googleAccCreation" time="15.182"/>
  <testcase classname="com.ecomerce.test.ParalellTest" name="googleAccCreation" time="16.254"/>
  <testcase classname="com.ecomerce.test.ParalellTest" name="googleWebsiteTitle" time="5.456"/>
</testsuite> <!-- com.ecomerce.test.ParalellTest -->
