<?xml version="1.0" encoding="UTF-8"?>
<!-- Generated by org.testng.reporters.JUnitReportReporter -->
<testsuite hostname="DESKTOP-MOUIIJ4" failures="0" tests="3" name="com.ecomerce.test.ParalellTest" time="28.604" errors="0" timestamp="2023-07-20T10:53:07 IST" skipped="0">
  <testcase classname="com.ecomerce.test.ParalellTest" name="googleWebsiteTitle" time="5.485"/>
  <testcase classname="com.ecomerce.test.ParalellTest" name="googleAccCreation" time="13.922"/>
  <testcase classname="com.ecomerce.test.ParalellTest" name="facebookAccCreation" time="9.197"/>
</testsuite> <!-- com.ecomerce.test.ParalellTest -->
