<?xml version="1.0" encoding="UTF-8"?>
<!-- Generated by org.testng.reporters.JUnitReportReporter -->
<testsuite hostname="DESKTOP-MOUIIJ4" failures="0" tests="1" name="com.ecommerce.test.FBRegistration" time="2.900" errors="0" timestamp="2023-07-19T12:54:12 IST" skipped="0">
  <testcase classname="com.ecommerce.test.FBRegistration" name="f" time="2.900"/>
</testsuite> <!-- com.ecommerce.test.FBRegistration -->
