<?xml version="1.0" encoding="UTF-8"?>
<!-- Generated by org.testng.reporters.JUnitReportReporter -->
<testsuite hostname="DESKTOP-MOUIIJ4" failures="0" tests="1" name="com.ecommerce.test.FBRegistration" time="3.564" errors="0" timestamp="2023-07-20T09:44:36 IST" skipped="0">
  <testcase classname="com.ecommerce.test.FBRegistration" name="f" time="3.564"/>
</testsuite> <!-- com.ecommerce.test.FBRegistration -->
