<?xml version="1.0" encoding="UTF-8"?>
<!-- Generated by org.testng.reporters.JUnitReportReporter -->
<testsuite hostname="DESKTOP-MOUIIJ4" failures="0" tests="6" name="com.ecommerce.test.FBRegistration" time="36.632" errors="0" timestamp="2023-07-20T14:26:04 IST" skipped="0">
  <testcase classname="com.ecommerce.test.FBRegistration" name="testLocalPage" time="9.258"/>
  <testcase classname="com.ecommerce.test.FBRegistration" name="f2" time="0.042"/>
  <testcase classname="com.ecommerce.test.FBRegistration" name="f1" time="0.053"/>
  <testcase classname="com.ecommerce.test.FBRegistration" name="googleAccount" time="11.125"/>
  <testcase classname="com.ecommerce.test.FBRegistration" name="searchGoogle" time="7.502"/>
  <testcase classname="com.ecommerce.test.FBRegistration" name="fbAccount" time="8.652"/>
</testsuite> <!-- com.ecommerce.test.FBRegistration -->
