<?xml version="1.0" encoding="UTF-8"?>
<!-- Generated by org.testng.reporters.JUnitReportReporter -->
<testsuite hostname="DESKTOP-MOUIIJ4" failures="0" tests="6" name="com.ecommerce.test.FBRegistration" time="31.942" errors="0" timestamp="2023-07-20T14:44:23 IST" skipped="0">
  <testcase classname="com.ecommerce.test.FBRegistration" name="googleAccount" time="10.756"/>
  <testcase classname="com.ecommerce.test.FBRegistration" name="f1" time="0.037"/>
  <testcase classname="com.ecommerce.test.FBRegistration" name="searchGoogle" time="5.518"/>
  <testcase classname="com.ecommerce.test.FBRegistration" name="f2" time="0.063"/>
  <testcase classname="com.ecommerce.test.FBRegistration" name="testLocalPage" time="6.812"/>
  <testcase classname="com.ecommerce.test.FBRegistration" name="fbAccount" time="8.756"/>
</testsuite> <!-- com.ecommerce.test.FBRegistration -->
