<?xml version="1.0" encoding="UTF-8"?>
<!-- Generated by org.testng.reporters.JUnitReportReporter -->
<testsuite hostname="DESKTOP-MOUIIJ4" failures="0" tests="7" name="com.ecommerce.test.FBRegistration" time="45.970" errors="0" timestamp="2023-07-20T15:41:09 IST" skipped="1">
  <testcase classname="com.ecommerce.test.FBRegistration" name="fbAccount" time="8.137"/>
  <testcase classname="com.ecommerce.test.FBRegistration" name="testLocalPage" time="14.445"/>
  <testcase classname="com.ecommerce.test.FBRegistration" name="searchGoogleAndTestTitleText" time="9.007"/>
  <testcase classname="com.ecommerce.test.FBRegistration" name="f1" time="0.018"/>
  <testcase classname="com.ecommerce.test.FBRegistration" name="googleAccount" time="5.173"/>
  <testcase classname="com.ecommerce.test.FBRegistration" name="googleAccount" time="9.190"/>
  <testcase classname="com.ecommerce.test.FBRegistration" name="f2">
    <skipped/>
  </testcase> <!-- f2 -->
</testsuite> <!-- com.ecommerce.test.FBRegistration -->
