<?xml version="1.0" encoding="UTF-8"?>
<!-- Generated by org.testng.reporters.JUnitReportReporter -->
<testsuite hostname="DESKTOP-MOUIIJ4" failures="0" tests="1" name="com.ecommerce.test.FBRegistration" time="4.392" errors="0" timestamp="2023-07-19T22:37:37 IST" skipped="0">
  <testcase classname="com.ecommerce.test.FBRegistration" name="searchGoogle" time="4.392"/>
</testsuite> <!-- com.ecommerce.test.FBRegistration -->
